{"/home/bruno/Área de Trabalho/Future4/Bruno-Bulgaron/semana12/4eddit/src/index.js": {"path":"/home/bruno/Área de Trabalho/Future4/Bruno-Bulgaron/semana12/4eddit/src/index.js","statementMap":{"0":{"start":{"line":5,"column":20},"end":{"line":5,"column":51}},"1":{"start":{"line":6,"column":0},"end":{"line":6,"column":38}}},"fnMap":{},"branchMap":{},"s":{"0":0,"1":0},"f":{},"b":{},"hash":"fc6e3f10161812abec57f608c11028e504344dc5"}
,"/home/bruno/Área de Trabalho/Future4/Bruno-Bulgaron/semana12/4eddit/src/actions/comment.js": {"path":"/home/bruno/Área de Trabalho/Future4/Bruno-Bulgaron/semana12/4eddit/src/actions/comment.js","statementMap":{"0":{"start":{"line":4,"column":29},"end":{"line":24,"column":1}},"1":{"start":{"line":4,"column":61},"end":{"line":24,"column":1}},"2":{"start":{"line":6,"column":17},"end":{"line":8,"column":5}},"3":{"start":{"line":10,"column":4},"end":{"line":22,"column":5}},"4":{"start":{"line":11,"column":8},"end":{"line":15,"column":10}},"5":{"start":{"line":17,"column":8},"end":{"line":17,"column":47}},"6":{"start":{"line":18,"column":8},"end":{"line":18,"column":47}},"7":{"start":{"line":21,"column":8},"end":{"line":21,"column":42}},"8":{"start":{"line":26,"column":27},"end":{"line":39,"column":1}},"9":{"start":{"line":26,"column":72},"end":{"line":39,"column":1}},"10":{"start":{"line":28,"column":17},"end":{"line":30,"column":5}},"11":{"start":{"line":32,"column":21},"end":{"line":36,"column":6}},"12":{"start":{"line":38,"column":4},"end":{"line":38,"column":25}}},"fnMap":{"0":{"name":"(anonymous_0)","decl":{"start":{"line":4,"column":29},"end":{"line":4,"column":30}},"loc":{"start":{"line":4,"column":61},"end":{"line":24,"column":1}},"line":4},"1":{"name":"(anonymous_1)","decl":{"start":{"line":4,"column":61},"end":{"line":4,"column":62}},"loc":{"start":{"line":4,"column":81},"end":{"line":24,"column":1}},"line":4},"2":{"name":"(anonymous_2)","decl":{"start":{"line":26,"column":27},"end":{"line":26,"column":28}},"loc":{"start":{"line":26,"column":72},"end":{"line":39,"column":1}},"line":26},"3":{"name":"(anonymous_3)","decl":{"start":{"line":26,"column":72},"end":{"line":26,"column":73}},"loc":{"start":{"line":26,"column":92},"end":{"line":39,"column":1}},"line":26}},"branchMap":{},"s":{"0":0,"1":0,"2":0,"3":0,"4":0,"5":0,"6":0,"7":0,"8":0,"9":0,"10":0,"11":0,"12":0},"f":{"0":0,"1":0,"2":0,"3":0},"b":{},"hash":"ca4299693b7454d65e5f9e6dc4812c1e66a47892"}
,"/home/bruno/Área de Trabalho/Future4/Bruno-Bulgaron/semana12/4eddit/src/actions/login.js": {"path":"/home/bruno/Área de Trabalho/Future4/Bruno-Bulgaron/semana12/4eddit/src/actions/login.js","statementMap":{"0":{"start":{"line":6,"column":22},"end":{"line":19,"column":1}},"1":{"start":{"line":6,"column":32},"end":{"line":19,"column":1}},"2":{"start":{"line":8,"column":4},"end":{"line":18,"column":5}},"3":{"start":{"line":9,"column":25},"end":{"line":11,"column":9}},"4":{"start":{"line":13,"column":8},"end":{"line":13,"column":59}},"5":{"start":{"line":14,"column":8},"end":{"line":14,"column":36}},"6":{"start":{"line":17,"column":8},"end":{"line":17,"column":61}},"7":{"start":{"line":21,"column":21},"end":{"line":36,"column":1}},"8":{"start":{"line":21,"column":31},"end":{"line":36,"column":1}},"9":{"start":{"line":23,"column":4},"end":{"line":35,"column":5}},"10":{"start":{"line":24,"column":25},"end":{"line":27,"column":9}},"11":{"start":{"line":29,"column":8},"end":{"line":29,"column":59}},"12":{"start":{"line":30,"column":8},"end":{"line":30,"column":36}},"13":{"start":{"line":31,"column":8},"end":{"line":31,"column":37}},"14":{"start":{"line":34,"column":8},"end":{"line":34,"column":58}}},"fnMap":{"0":{"name":"(anonymous_0)","decl":{"start":{"line":6,"column":22},"end":{"line":6,"column":23}},"loc":{"start":{"line":6,"column":32},"end":{"line":19,"column":1}},"line":6},"1":{"name":"(anonymous_1)","decl":{"start":{"line":6,"column":32},"end":{"line":6,"column":33}},"loc":{"start":{"line":6,"column":51},"end":{"line":19,"column":1}},"line":6},"2":{"name":"(anonymous_2)","decl":{"start":{"line":21,"column":21},"end":{"line":21,"column":22}},"loc":{"start":{"line":21,"column":31},"end":{"line":36,"column":1}},"line":21},"3":{"name":"(anonymous_3)","decl":{"start":{"line":21,"column":31},"end":{"line":21,"column":32}},"loc":{"start":{"line":21,"column":50},"end":{"line":36,"column":1}},"line":21}},"branchMap":{},"s":{"0":0,"1":0,"2":0,"3":0,"4":0,"5":0,"6":0,"7":0,"8":0,"9":0,"10":0,"11":0,"12":0,"13":0,"14":0},"f":{"0":0,"1":0,"2":0,"3":0},"b":{},"hash":"ec0668fdd5acd5732392ac734a4068a5a0c9d917"}
,"/home/bruno/Área de Trabalho/Future4/Bruno-Bulgaron/semana12/4eddit/src/actions/post.js": {"path":"/home/bruno/Área de Trabalho/Future4/Bruno-Bulgaron/semana12/4eddit/src/actions/post.js","statementMap":{"0":{"start":{"line":4,"column":4},"end":{"line":9,"column":5}},"1":{"start":{"line":13,"column":4},"end":{"line":18,"column":5}},"2":{"start":{"line":22,"column":24},"end":{"line":31,"column":1}},"3":{"start":{"line":22,"column":35},"end":{"line":31,"column":1}},"4":{"start":{"line":24,"column":21},"end":{"line":28,"column":5}},"5":{"start":{"line":30,"column":4},"end":{"line":30,"column":44}},"6":{"start":{"line":33,"column":26},"end":{"line":47,"column":1}},"7":{"start":{"line":33,"column":43},"end":{"line":47,"column":1}},"8":{"start":{"line":35,"column":4},"end":{"line":46,"column":5}},"9":{"start":{"line":36,"column":8},"end":{"line":40,"column":9}},"10":{"start":{"line":41,"column":8},"end":{"line":41,"column":42}},"11":{"start":{"line":42,"column":8},"end":{"line":42,"column":34}},"12":{"start":{"line":45,"column":8},"end":{"line":45,"column":55}},"13":{"start":{"line":49,"column":30},"end":{"line":61,"column":1}},"14":{"start":{"line":49,"column":49},"end":{"line":61,"column":1}},"15":{"start":{"line":51,"column":4},"end":{"line":60,"column":5}},"16":{"start":{"line":52,"column":25},"end":{"line":56,"column":9}},"17":{"start":{"line":57,"column":8},"end":{"line":57,"column":53}},"18":{"start":{"line":59,"column":8},"end":{"line":59,"column":53}},"19":{"start":{"line":63,"column":23},"end":{"line":73,"column":1}},"20":{"start":{"line":63,"column":53},"end":{"line":73,"column":1}},"21":{"start":{"line":64,"column":17},"end":{"line":66,"column":5}},"22":{"start":{"line":68,"column":4},"end":{"line":72,"column":6}}},"fnMap":{"0":{"name":"setPosts","decl":{"start":{"line":3,"column":16},"end":{"line":3,"column":24}},"loc":{"start":{"line":3,"column":38},"end":{"line":10,"column":1}},"line":3},"1":{"name":"setPostDetails","decl":{"start":{"line":12,"column":16},"end":{"line":12,"column":30}},"loc":{"start":{"line":12,"column":50},"end":{"line":19,"column":1}},"line":12},"2":{"name":"(anonymous_2)","decl":{"start":{"line":22,"column":24},"end":{"line":22,"column":25}},"loc":{"start":{"line":22,"column":35},"end":{"line":31,"column":1}},"line":22},"3":{"name":"(anonymous_3)","decl":{"start":{"line":22,"column":35},"end":{"line":22,"column":36}},"loc":{"start":{"line":22,"column":54},"end":{"line":31,"column":1}},"line":22},"4":{"name":"(anonymous_4)","decl":{"start":{"line":33,"column":26},"end":{"line":33,"column":27}},"loc":{"start":{"line":33,"column":43},"end":{"line":47,"column":1}},"line":33},"5":{"name":"(anonymous_5)","decl":{"start":{"line":33,"column":43},"end":{"line":33,"column":44}},"loc":{"start":{"line":33,"column":62},"end":{"line":47,"column":1}},"line":33},"6":{"name":"(anonymous_6)","decl":{"start":{"line":49,"column":30},"end":{"line":49,"column":31}},"loc":{"start":{"line":49,"column":49},"end":{"line":61,"column":1}},"line":49},"7":{"name":"(anonymous_7)","decl":{"start":{"line":49,"column":49},"end":{"line":49,"column":50}},"loc":{"start":{"line":49,"column":68},"end":{"line":61,"column":1}},"line":49},"8":{"name":"(anonymous_8)","decl":{"start":{"line":63,"column":23},"end":{"line":63,"column":24}},"loc":{"start":{"line":63,"column":53},"end":{"line":73,"column":1}},"line":63},"9":{"name":"(anonymous_9)","decl":{"start":{"line":63,"column":53},"end":{"line":63,"column":54}},"loc":{"start":{"line":63,"column":73},"end":{"line":73,"column":1}},"line":63}},"branchMap":{},"s":{"0":2,"1":2,"2":2,"3":0,"4":0,"5":0,"6":2,"7":0,"8":0,"9":0,"10":0,"11":0,"12":0,"13":2,"14":0,"15":0,"16":0,"17":0,"18":0,"19":2,"20":0,"21":0,"22":0},"f":{"0":2,"1":2,"2":0,"3":0,"4":0,"5":0,"6":0,"7":0,"8":0,"9":0},"b":{},"_coverageSchema":"43e27e138ebf9cfc5966b082cf9a028302ed4184","hash":"7df8424dd6fc4eafa08c252314650ca60e8116fd"}
,"/home/bruno/Área de Trabalho/Future4/Bruno-Bulgaron/semana12/4eddit/src/components/CommentCard/index.js": {"path":"/home/bruno/Área de Trabalho/Future4/Bruno-Bulgaron/semana12/4eddit/src/components/CommentCard/index.js","statementMap":{"0":{"start":{"line":7,"column":8},"end":{"line":21,"column":9}}},"fnMap":{"0":{"name":"(anonymous_0)","decl":{"start":{"line":6,"column":4},"end":{"line":6,"column":5}},"loc":{"start":{"line":6,"column":13},"end":{"line":22,"column":5}},"line":6}},"branchMap":{},"s":{"0":0},"f":{"0":0},"b":{},"hash":"5b52f5f51403068fb75c84af2cb01b822b9ae72b"}
,"/home/bruno/Área de Trabalho/Future4/Bruno-Bulgaron/semana12/4eddit/src/components/CommentCard/style.js": {"path":"/home/bruno/Área de Trabalho/Future4/Bruno-Bulgaron/semana12/4eddit/src/components/CommentCard/style.js","statementMap":{"0":{"start":{"line":7,"column":34},"end":{"line":9,"column":1}},"1":{"start":{"line":11,"column":35},"end":{"line":15,"column":1}},"2":{"start":{"line":17,"column":29},"end":{"line":20,"column":1}},"3":{"start":{"line":22,"column":31},"end":{"line":25,"column":1}},"4":{"start":{"line":27,"column":30},"end":{"line":29,"column":1}},"5":{"start":{"line":30,"column":33},"end":{"line":32,"column":1}},"6":{"start":{"line":33,"column":31},"end":{"line":35,"column":1}},"7":{"start":{"line":36,"column":39},"end":{"line":38,"column":1}},"8":{"start":{"line":39,"column":32},"end":{"line":47,"column":1}}},"fnMap":{},"branchMap":{},"s":{"0":0,"1":0,"2":0,"3":0,"4":0,"5":0,"6":0,"7":0,"8":0},"f":{},"b":{},"hash":"c065332acfac78b9b35bebbe78599b2593ca8bc8"}
,"/home/bruno/Área de Trabalho/Future4/Bruno-Bulgaron/semana12/4eddit/src/components/PostCard/index.js": {"path":"/home/bruno/Área de Trabalho/Future4/Bruno-Bulgaron/semana12/4eddit/src/components/PostCard/index.js","statementMap":{"0":{"start":{"line":8,"column":4},"end":{"line":29,"column":5}}},"fnMap":{"0":{"name":"(anonymous_0)","decl":{"start":{"line":7,"column":0},"end":{"line":7,"column":1}},"loc":{"start":{"line":7,"column":8},"end":{"line":30,"column":1}},"line":7}},"branchMap":{},"s":{"0":0},"f":{"0":0},"b":{},"hash":"9c401f4907f40db85407ea09e334238bdd82b164"}
,"/home/bruno/Área de Trabalho/Future4/Bruno-Bulgaron/semana12/4eddit/src/components/PostCard/style.js": {"path":"/home/bruno/Área de Trabalho/Future4/Bruno-Bulgaron/semana12/4eddit/src/components/PostCard/style.js","statementMap":{"0":{"start":{"line":8,"column":31},"end":{"line":15,"column":1}},"1":{"start":{"line":17,"column":29},"end":{"line":24,"column":1}},"2":{"start":{"line":26,"column":34},"end":{"line":29,"column":1}},"3":{"start":{"line":31,"column":30},"end":{"line":34,"column":1}},"4":{"start":{"line":36,"column":30},"end":{"line":39,"column":1}},"5":{"start":{"line":43,"column":29},"end":{"line":46,"column":1}},"6":{"start":{"line":48,"column":31},"end":{"line":51,"column":1}},"7":{"start":{"line":53,"column":28},"end":{"line":57,"column":1}}},"fnMap":{},"branchMap":{},"s":{"0":0,"1":0,"2":0,"3":0,"4":0,"5":0,"6":0,"7":0},"f":{},"b":{},"hash":"178fca9c14a86a76190333f44bfddee5edc0ca35"}
,"/home/bruno/Área de Trabalho/Future4/Bruno-Bulgaron/semana12/4eddit/src/components/PostDetailCard/index.js": {"path":"/home/bruno/Área de Trabalho/Future4/Bruno-Bulgaron/semana12/4eddit/src/components/PostDetailCard/index.js","statementMap":{"0":{"start":{"line":6,"column":4},"end":{"line":19,"column":5}}},"fnMap":{"0":{"name":"PostDetailCard","decl":{"start":{"line":5,"column":24},"end":{"line":5,"column":38}},"loc":{"start":{"line":5,"column":46},"end":{"line":20,"column":1}},"line":5}},"branchMap":{},"s":{"0":0},"f":{"0":0},"b":{},"hash":"8e9c15dac6b5fe38057d45b58e8fd6bc186b1892"}
,"/home/bruno/Área de Trabalho/Future4/Bruno-Bulgaron/semana12/4eddit/src/components/PostDetailCard/style.js": {"path":"/home/bruno/Área de Trabalho/Future4/Bruno-Bulgaron/semana12/4eddit/src/components/PostDetailCard/style.js","statementMap":{"0":{"start":{"line":4,"column":37},"end":{"line":6,"column":1}},"1":{"start":{"line":8,"column":31},"end":{"line":10,"column":1}},"2":{"start":{"line":12,"column":30},"end":{"line":15,"column":1}},"3":{"start":{"line":17,"column":30},"end":{"line":19,"column":1}}},"fnMap":{},"branchMap":{},"s":{"0":0,"1":0,"2":0,"3":0},"f":{},"b":{},"hash":"a468c9a50edebfe100b68da371a81d02d05ec797"}
,"/home/bruno/Área de Trabalho/Future4/Bruno-Bulgaron/semana12/4eddit/src/containers/App/index.js": {"path":"/home/bruno/Área de Trabalho/Future4/Bruno-Bulgaron/semana12/4eddit/src/containers/App/index.js","statementMap":{"0":{"start":{"line":14,"column":23},"end":{"line":14,"column":45}},"1":{"start":{"line":16,"column":20},"end":{"line":21,"column":1}},"2":{"start":{"line":20,"column":11},"end":{"line":20,"column":12}},"3":{"start":{"line":23,"column":14},"end":{"line":23,"column":77}},"4":{"start":{"line":25,"column":19},"end":{"line":41,"column":1}},"5":{"start":{"line":26,"column":2},"end":{"line":40,"column":13}}},"fnMap":{"0":{"name":"(anonymous_0)","decl":{"start":{"line":20,"column":6},"end":{"line":20,"column":7}},"loc":{"start":{"line":20,"column":11},"end":{"line":20,"column":12}},"line":20},"1":{"name":"(anonymous_1)","decl":{"start":{"line":25,"column":19},"end":{"line":25,"column":20}},"loc":{"start":{"line":26,"column":2},"end":{"line":40,"column":13}},"line":26}},"branchMap":{"0":{"loc":{"start":{"line":18,"column":2},"end":{"line":20,"column":12}},"type":"cond-expr","locations":[{"start":{"line":19,"column":6},"end":{"line":19,"column":43}},{"start":{"line":20,"column":6},"end":{"line":20,"column":12}}],"line":18}},"s":{"0":0,"1":0,"2":0,"3":0,"4":0,"5":0},"f":{"0":0,"1":0},"b":{"0":[0,0]},"hash":"ba3a7a2fd1936831c074a46a8bb396143110dbac"}
,"/home/bruno/Área de Trabalho/Future4/Bruno-Bulgaron/semana12/4eddit/src/containers/App/style.js": {"path":"/home/bruno/Área de Trabalho/Future4/Bruno-Bulgaron/semana12/4eddit/src/containers/App/style.js","statementMap":{"0":{"start":{"line":3,"column":26},"end":{"line":9,"column":1}},"1":{"start":{"line":11,"column":30},"end":{"line":17,"column":1}},"2":{"start":{"line":19,"column":29},"end":{"line":24,"column":1}}},"fnMap":{},"branchMap":{},"s":{"0":0,"1":0,"2":0},"f":{},"b":{},"hash":"f5ccb5021be54ed0894815919477fc4a0746b4f6"}
,"/home/bruno/Área de Trabalho/Future4/Bruno-Bulgaron/semana12/4eddit/src/containers/FeedPage/index.js": {"path":"/home/bruno/Área de Trabalho/Future4/Bruno-Bulgaron/semana12/4eddit/src/containers/FeedPage/index.js","statementMap":{"0":{"start":{"line":13,"column":8},"end":{"line":13,"column":21}},"1":{"start":{"line":14,"column":8},"end":{"line":16,"column":9}},"2":{"start":{"line":20,"column":38},"end":{"line":20,"column":48}},"3":{"start":{"line":21,"column":18},"end":{"line":21,"column":47}},"4":{"start":{"line":23,"column":4},"end":{"line":24,"column":42}},"5":{"start":{"line":28,"column":20},"end":{"line":32,"column":1}},"6":{"start":{"line":29,"column":28},"end":{"line":29,"column":40}},"7":{"start":{"line":31,"column":4},"end":{"line":31,"column":70}},"8":{"start":{"line":34,"column":15},"end":{"line":43,"column":1}},"9":{"start":{"line":35,"column":25},"end":{"line":35,"column":35}},"10":{"start":{"line":36,"column":4},"end":{"line":36,"column":27}},"11":{"start":{"line":38,"column":18},"end":{"line":38,"column":47}},"12":{"start":{"line":40,"column":4},"end":{"line":40,"column":43}},"13":{"start":{"line":42,"column":4},"end":{"line":42,"column":34}},"14":{"start":{"line":45,"column":23},"end":{"line":51,"column":1}},"15":{"start":{"line":46,"column":49},"end":{"line":46,"column":59}},"16":{"start":{"line":47,"column":18},"end":{"line":47,"column":47}},"17":{"start":{"line":49,"column":4},"end":{"line":49,"column":34}},"18":{"start":{"line":50,"column":4},"end":{"line":50,"column":25}},"19":{"start":{"line":53,"column":13},"end":{"line":79,"column":1}},"20":{"start":{"line":54,"column":41},"end":{"line":54,"column":51}},"21":{"start":{"line":56,"column":4},"end":{"line":78,"column":5}},"22":{"start":{"line":58,"column":31},"end":{"line":64,"column":13}},"23":{"start":{"line":59,"column":16},"end":{"line":63,"column":17}},"24":{"start":{"line":60,"column":20},"end":{"line":60,"column":48}},"25":{"start":{"line":62,"column":20},"end":{"line":62,"column":48}},"26":{"start":{"line":65,"column":12},"end":{"line":65,"column":31}},"27":{"start":{"line":69,"column":31},"end":{"line":75,"column":13}},"28":{"start":{"line":70,"column":16},"end":{"line":74,"column":17}},"29":{"start":{"line":71,"column":20},"end":{"line":71,"column":48}},"30":{"start":{"line":73,"column":20},"end":{"line":73,"column":50}},"31":{"start":{"line":76,"column":12},"end":{"line":76,"column":31}},"32":{"start":{"line":81,"column":14},"end":{"line":107,"column":1}},"33":{"start":{"line":82,"column":20},"end":{"line":82,"column":30}},"34":{"start":{"line":83,"column":18},"end":{"line":83,"column":47}},"35":{"start":{"line":85,"column":25},"end":{"line":87,"column":5}},"36":{"start":{"line":86,"column":8},"end":{"line":86,"column":35}},"37":{"start":{"line":89,"column":4},"end":{"line":106,"column":5}},"38":{"start":{"line":91,"column":12},"end":{"line":104,"column":13}},"39":{"start":{"line":97,"column":39},"end":{"line":97,"column":76}},"40":{"start":{"line":98,"column":32},"end":{"line":98,"column":104}},"41":{"start":{"line":99,"column":34},"end":{"line":99,"column":108}},"42":{"start":{"line":112,"column":21},"end":{"line":112,"column":31}},"43":{"start":{"line":114,"column":4},"end":{"line":156,"column":5}},"44":{"start":{"line":115,"column":8},"end":{"line":119,"column":9}},"45":{"start":{"line":122,"column":8},"end":{"line":155,"column":9}},"46":{"start":{"line":161,"column":24},"end":{"line":165,"column":1}},"47":{"start":{"line":162,"column":4},"end":{"line":164,"column":5}},"48":{"start":{"line":167,"column":27},"end":{"line":178,"column":1}},"49":{"start":{"line":168,"column":4},"end":{"line":177,"column":5}},"50":{"start":{"line":169,"column":29},"end":{"line":169,"column":59}},"51":{"start":{"line":170,"column":29},"end":{"line":170,"column":54}},"52":{"start":{"line":171,"column":37},"end":{"line":171,"column":70}},"53":{"start":{"line":172,"column":43},"end":{"line":172,"column":82}},"54":{"start":{"line":173,"column":33},"end":{"line":173,"column":66}},"55":{"start":{"line":174,"column":35},"end":{"line":174,"column":70}},"56":{"start":{"line":175,"column":37},"end":{"line":175,"column":73}},"57":{"start":{"line":176,"column":35},"end":{"line":176,"column":70}}},"fnMap":{"0":{"name":"(anonymous_0)","decl":{"start":{"line":12,"column":4},"end":{"line":12,"column":5}},"loc":{"start":{"line":12,"column":22},"end":{"line":17,"column":5}},"line":12},"1":{"name":"(anonymous_1)","decl":{"start":{"line":19,"column":0},"end":{"line":19,"column":1}},"loc":{"start":{"line":19,"column":19},"end":{"line":25,"column":1}},"line":19},"2":{"name":"(anonymous_2)","decl":{"start":{"line":28,"column":20},"end":{"line":28,"column":21}},"loc":{"start":{"line":28,"column":30},"end":{"line":32,"column":1}},"line":28},"3":{"name":"(anonymous_3)","decl":{"start":{"line":34,"column":15},"end":{"line":34,"column":16}},"loc":{"start":{"line":34,"column":25},"end":{"line":43,"column":1}},"line":34},"4":{"name":"(anonymous_4)","decl":{"start":{"line":45,"column":23},"end":{"line":45,"column":24}},"loc":{"start":{"line":45,"column":34},"end":{"line":51,"column":1}},"line":45},"5":{"name":"(anonymous_5)","decl":{"start":{"line":53,"column":13},"end":{"line":53,"column":14}},"loc":{"start":{"line":53,"column":55},"end":{"line":79,"column":1}},"line":53},"6":{"name":"(anonymous_6)","decl":{"start":{"line":58,"column":31},"end":{"line":58,"column":32}},"loc":{"start":{"line":58,"column":37},"end":{"line":64,"column":13}},"line":58},"7":{"name":"(anonymous_7)","decl":{"start":{"line":69,"column":31},"end":{"line":69,"column":32}},"loc":{"start":{"line":69,"column":37},"end":{"line":75,"column":13}},"line":69},"8":{"name":"(anonymous_8)","decl":{"start":{"line":81,"column":14},"end":{"line":81,"column":15}},"loc":{"start":{"line":81,"column":19},"end":{"line":107,"column":1}},"line":81},"9":{"name":"(anonymous_9)","decl":{"start":{"line":85,"column":36},"end":{"line":85,"column":37}},"loc":{"start":{"line":86,"column":8},"end":{"line":86,"column":35}},"line":86},"10":{"name":"(anonymous_10)","decl":{"start":{"line":90,"column":25},"end":{"line":90,"column":26}},"loc":{"start":{"line":90,"column":36},"end":{"line":105,"column":9}},"line":90},"11":{"name":"(anonymous_11)","decl":{"start":{"line":97,"column":35},"end":{"line":97,"column":36}},"loc":{"start":{"line":97,"column":39},"end":{"line":97,"column":76}},"line":97},"12":{"name":"(anonymous_12)","decl":{"start":{"line":98,"column":28},"end":{"line":98,"column":29}},"loc":{"start":{"line":98,"column":32},"end":{"line":98,"column":104}},"line":98},"13":{"name":"(anonymous_13)","decl":{"start":{"line":99,"column":30},"end":{"line":99,"column":31}},"loc":{"start":{"line":99,"column":34},"end":{"line":99,"column":108}},"line":99},"14":{"name":"(anonymous_14)","decl":{"start":{"line":111,"column":0},"end":{"line":111,"column":1}},"loc":{"start":{"line":111,"column":8},"end":{"line":157,"column":1}},"line":111},"15":{"name":"(anonymous_15)","decl":{"start":{"line":161,"column":24},"end":{"line":161,"column":25}},"loc":{"start":{"line":161,"column":34},"end":{"line":165,"column":1}},"line":161},"16":{"name":"(anonymous_16)","decl":{"start":{"line":167,"column":27},"end":{"line":167,"column":28}},"loc":{"start":{"line":167,"column":38},"end":{"line":178,"column":1}},"line":167},"17":{"name":"(anonymous_17)","decl":{"start":{"line":169,"column":23},"end":{"line":169,"column":24}},"loc":{"start":{"line":169,"column":29},"end":{"line":169,"column":59}},"line":169},"18":{"name":"(anonymous_18)","decl":{"start":{"line":170,"column":18},"end":{"line":170,"column":19}},"loc":{"start":{"line":170,"column":29},"end":{"line":170,"column":54}},"line":170},"19":{"name":"(anonymous_19)","decl":{"start":{"line":171,"column":20},"end":{"line":171,"column":21}},"loc":{"start":{"line":171,"column":37},"end":{"line":171,"column":70}},"line":171},"20":{"name":"(anonymous_20)","decl":{"start":{"line":172,"column":24},"end":{"line":172,"column":25}},"loc":{"start":{"line":172,"column":43},"end":{"line":172,"column":82}},"line":172},"21":{"name":"(anonymous_21)","decl":{"start":{"line":173,"column":28},"end":{"line":173,"column":29}},"loc":{"start":{"line":173,"column":33},"end":{"line":173,"column":66}},"line":173},"22":{"name":"(anonymous_22)","decl":{"start":{"line":174,"column":16},"end":{"line":174,"column":17}},"loc":{"start":{"line":174,"column":35},"end":{"line":174,"column":70}},"line":174},"23":{"name":"(anonymous_23)","decl":{"start":{"line":175,"column":18},"end":{"line":175,"column":19}},"loc":{"start":{"line":175,"column":37},"end":{"line":175,"column":73}},"line":175},"24":{"name":"(anonymous_24)","decl":{"start":{"line":176,"column":16},"end":{"line":176,"column":17}},"loc":{"start":{"line":176,"column":35},"end":{"line":176,"column":70}},"line":176}},"branchMap":{"0":{"loc":{"start":{"line":23,"column":5},"end":{"line":24,"column":39}},"type":"cond-expr","locations":[{"start":{"line":23,"column":24},"end":{"line":23,"column":39}},{"start":{"line":24,"column":24},"end":{"line":24,"column":39}}],"line":23},"1":{"loc":{"start":{"line":56,"column":4},"end":{"line":78,"column":5}},"type":"switch","locations":[{"start":{"line":57,"column":8},"end":{"line":66,"column":9}},{"start":{"line":68,"column":8},"end":{"line":77,"column":9}}],"line":56},"2":{"loc":{"start":{"line":59,"column":16},"end":{"line":63,"column":17}},"type":"if","locations":[{"start":{"line":59,"column":16},"end":{"line":63,"column":17}},{"start":{"line":59,"column":16},"end":{"line":63,"column":17}}],"line":59},"3":{"loc":{"start":{"line":70,"column":16},"end":{"line":74,"column":17}},"type":"if","locations":[{"start":{"line":70,"column":16},"end":{"line":74,"column":17}},{"start":{"line":70,"column":16},"end":{"line":74,"column":17}}],"line":70},"4":{"loc":{"start":{"line":114,"column":4},"end":{"line":156,"column":5}},"type":"if","locations":[{"start":{"line":114,"column":4},"end":{"line":156,"column":5}},{"start":{"line":114,"column":4},"end":{"line":156,"column":5}}],"line":114},"5":{"loc":{"start":{"line":134,"column":35},"end":{"line":134,"column":55}},"type":"binary-expr","locations":[{"start":{"line":134,"column":35},"end":{"line":134,"column":49}},{"start":{"line":134,"column":53},"end":{"line":134,"column":55}}],"line":134},"6":{"loc":{"start":{"line":144,"column":35},"end":{"line":144,"column":54}},"type":"binary-expr","locations":[{"start":{"line":144,"column":35},"end":{"line":144,"column":48}},{"start":{"line":144,"column":52},"end":{"line":144,"column":54}}],"line":144}},"s":{"0":0,"1":0,"2":0,"3":0,"4":0,"5":0,"6":0,"7":0,"8":0,"9":0,"10":0,"11":0,"12":0,"13":0,"14":0,"15":0,"16":0,"17":0,"18":0,"19":0,"20":0,"21":0,"22":0,"23":0,"24":0,"25":0,"26":0,"27":0,"28":0,"29":0,"30":0,"31":0,"32":0,"33":0,"34":0,"35":0,"36":0,"37":0,"38":0,"39":0,"40":0,"41":0,"42":0,"43":0,"44":0,"45":0,"46":0,"47":0,"48":0,"49":0,"50":0,"51":0,"52":0,"53":0,"54":0,"55":0,"56":0,"57":0},"f":{"0":0,"1":0,"2":0,"3":0,"4":0,"5":0,"6":0,"7":0,"8":0,"9":0,"10":0,"11":0,"12":0,"13":0,"14":0,"15":0,"16":0,"17":0,"18":0,"19":0,"20":0,"21":0,"22":0,"23":0,"24":0},"b":{"0":[0,0],"1":[0,0],"2":[0,0],"3":[0,0],"4":[0,0],"5":[0,0],"6":[0,0]},"hash":"828fdeef0c30acd5dcdf7de53790c76d602ad2cb"}
,"/home/bruno/Área de Trabalho/Future4/Bruno-Bulgaron/semana12/4eddit/src/containers/FeedPage/style.js": {"path":"/home/bruno/Área de Trabalho/Future4/Bruno-Bulgaron/semana12/4eddit/src/containers/FeedPage/style.js","statementMap":{"0":{"start":{"line":4,"column":31},"end":{"line":9,"column":1}},"1":{"start":{"line":11,"column":33},"end":{"line":14,"column":1}},"2":{"start":{"line":18,"column":28},"end":{"line":22,"column":1}},"3":{"start":{"line":24,"column":34},"end":{"line":27,"column":1}},"4":{"start":{"line":29,"column":30},"end":{"line":32,"column":1}}},"fnMap":{},"branchMap":{},"s":{"0":0,"1":0,"2":0,"3":0,"4":0},"f":{},"b":{},"hash":"ab70df2fd59f03a29bca746cf825156aba9e0bf5"}
,"/home/bruno/Área de Trabalho/Future4/Bruno-Bulgaron/semana12/4eddit/src/containers/Header/index.js": {"path":"/home/bruno/Área de Trabalho/Future4/Bruno-Bulgaron/semana12/4eddit/src/containers/Header/index.js","statementMap":{"0":{"start":{"line":10,"column":9},"end":{"line":14,"column":1}},"1":{"start":{"line":11,"column":4},"end":{"line":11,"column":24}},"2":{"start":{"line":12,"column":4},"end":{"line":12,"column":30}},"3":{"start":{"line":13,"column":4},"end":{"line":13,"column":33}},"4":{"start":{"line":17,"column":4},"end":{"line":25,"column":5}},"5":{"start":{"line":30,"column":27},"end":{"line":34,"column":1}},"6":{"start":{"line":31,"column":4},"end":{"line":33,"column":5}},"7":{"start":{"line":32,"column":29},"end":{"line":32,"column":59}}},"fnMap":{"0":{"name":"(anonymous_0)","decl":{"start":{"line":10,"column":9},"end":{"line":10,"column":10}},"loc":{"start":{"line":10,"column":15},"end":{"line":14,"column":1}},"line":10},"1":{"name":"(anonymous_1)","decl":{"start":{"line":16,"column":0},"end":{"line":16,"column":1}},"loc":{"start":{"line":16,"column":8},"end":{"line":26,"column":1}},"line":16},"2":{"name":"(anonymous_2)","decl":{"start":{"line":30,"column":27},"end":{"line":30,"column":28}},"loc":{"start":{"line":30,"column":41},"end":{"line":34,"column":1}},"line":30},"3":{"name":"(anonymous_3)","decl":{"start":{"line":32,"column":23},"end":{"line":32,"column":24}},"loc":{"start":{"line":32,"column":29},"end":{"line":32,"column":59}},"line":32}},"branchMap":{"0":{"loc":{"start":{"line":21,"column":14},"end":{"line":23,"column":13}},"type":"binary-expr","locations":[{"start":{"line":21,"column":15},"end":{"line":21,"column":53}},{"start":{"line":22,"column":12},"end":{"line":22,"column":107}}],"line":21}},"s":{"0":0,"1":0,"2":0,"3":0,"4":0,"5":0,"6":0,"7":0},"f":{"0":0,"1":0,"2":0,"3":0},"b":{"0":[0,0]},"hash":"951487a9c156d97d9fd94afc6917ce10fe241400"}
,"/home/bruno/Área de Trabalho/Future4/Bruno-Bulgaron/semana12/4eddit/src/containers/Header/style.js": {"path":"/home/bruno/Área de Trabalho/Future4/Bruno-Bulgaron/semana12/4eddit/src/containers/Header/style.js","statementMap":{"0":{"start":{"line":4,"column":29},"end":{"line":10,"column":1}},"1":{"start":{"line":12,"column":23},"end":{"line":14,"column":1}},"2":{"start":{"line":16,"column":28},"end":{"line":19,"column":1}}},"fnMap":{},"branchMap":{},"s":{"0":0,"1":0,"2":0},"f":{},"b":{},"hash":"b492fcd46027f8ba41104fbc18cba5397e069272"}
,"/home/bruno/Área de Trabalho/Future4/Bruno-Bulgaron/semana12/4eddit/src/containers/LoginPage/index.js": {"path":"/home/bruno/Área de Trabalho/Future4/Bruno-Bulgaron/semana12/4eddit/src/containers/LoginPage/index.js","statementMap":{"0":{"start":{"line":12,"column":4},"end":{"line":12,"column":16}},"1":{"start":{"line":13,"column":4},"end":{"line":15,"column":5}},"2":{"start":{"line":19,"column":16},"end":{"line":19,"column":45}},"3":{"start":{"line":21,"column":2},"end":{"line":21,"column":50}},"4":{"start":{"line":24,"column":20},"end":{"line":28,"column":1}},"5":{"start":{"line":25,"column":24},"end":{"line":25,"column":36}},"6":{"start":{"line":27,"column":2},"end":{"line":27,"column":71}},"7":{"start":{"line":30,"column":17},"end":{"line":33,"column":1}},"8":{"start":{"line":31,"column":2},"end":{"line":31,"column":25}},"9":{"start":{"line":32,"column":2},"end":{"line":32,"column":40}},"10":{"start":{"line":37,"column":4},"end":{"line":77,"column":6}},"11":{"start":{"line":82,"column":27},"end":{"line":88,"column":1}},"12":{"start":{"line":83,"column":2},"end":{"line":87,"column":3}},"13":{"start":{"line":84,"column":21},"end":{"line":84,"column":42}},"14":{"start":{"line":85,"column":24},"end":{"line":85,"column":51}},"15":{"start":{"line":86,"column":26},"end":{"line":86,"column":55}}},"fnMap":{"0":{"name":"(anonymous_0)","decl":{"start":{"line":11,"column":2},"end":{"line":11,"column":3}},"loc":{"start":{"line":11,"column":20},"end":{"line":16,"column":3}},"line":11},"1":{"name":"(anonymous_1)","decl":{"start":{"line":18,"column":0},"end":{"line":18,"column":1}},"loc":{"start":{"line":18,"column":19},"end":{"line":22,"column":1}},"line":18},"2":{"name":"(anonymous_2)","decl":{"start":{"line":24,"column":20},"end":{"line":24,"column":21}},"loc":{"start":{"line":24,"column":29},"end":{"line":28,"column":1}},"line":24},"3":{"name":"(anonymous_3)","decl":{"start":{"line":30,"column":17},"end":{"line":30,"column":18}},"loc":{"start":{"line":30,"column":26},"end":{"line":33,"column":1}},"line":30},"4":{"name":"(anonymous_4)","decl":{"start":{"line":35,"column":2},"end":{"line":35,"column":3}},"loc":{"start":{"line":35,"column":11},"end":{"line":78,"column":3}},"line":35},"5":{"name":"(anonymous_5)","decl":{"start":{"line":82,"column":27},"end":{"line":82,"column":28}},"loc":{"start":{"line":82,"column":38},"end":{"line":88,"column":1}},"line":82},"6":{"name":"(anonymous_6)","decl":{"start":{"line":84,"column":11},"end":{"line":84,"column":12}},"loc":{"start":{"line":84,"column":21},"end":{"line":84,"column":42}},"line":84},"7":{"name":"(anonymous_7)","decl":{"start":{"line":85,"column":18},"end":{"line":85,"column":19}},"loc":{"start":{"line":85,"column":24},"end":{"line":85,"column":51}},"line":85},"8":{"name":"(anonymous_8)","decl":{"start":{"line":86,"column":20},"end":{"line":86,"column":21}},"loc":{"start":{"line":86,"column":26},"end":{"line":86,"column":55}},"line":86}},"branchMap":{"0":{"loc":{"start":{"line":21,"column":3},"end":{"line":21,"column":48}},"type":"binary-expr","locations":[{"start":{"line":21,"column":4},"end":{"line":21,"column":18}},{"start":{"line":21,"column":23},"end":{"line":21,"column":48}}],"line":21}},"s":{"0":0,"1":0,"2":0,"3":0,"4":0,"5":0,"6":0,"7":0,"8":0,"9":0,"10":0,"11":0,"12":0,"13":0,"14":0,"15":0},"f":{"0":0,"1":0,"2":0,"3":0,"4":0,"5":0,"6":0,"7":0,"8":0},"b":{"0":[0,0]},"hash":"205614ab87dd68a4abbf7a7fac4ffc7a2020ef78"}
,"/home/bruno/Área de Trabalho/Future4/Bruno-Bulgaron/semana12/4eddit/src/containers/LoginPage/style.js": {"path":"/home/bruno/Área de Trabalho/Future4/Bruno-Bulgaron/semana12/4eddit/src/containers/LoginPage/style.js","statementMap":{"0":{"start":{"line":6,"column":32},"end":{"line":13,"column":1}},"1":{"start":{"line":15,"column":26},"end":{"line":22,"column":1}},"2":{"start":{"line":24,"column":25},"end":{"line":29,"column":1}},"3":{"start":{"line":31,"column":31},"end":{"line":34,"column":1}},"4":{"start":{"line":36,"column":27},"end":{"line":39,"column":1}}},"fnMap":{},"branchMap":{},"s":{"0":0,"1":0,"2":0,"3":0,"4":0},"f":{},"b":{},"hash":"37626345d4858d551a66468171384a3f2604c1de"}
,"/home/bruno/Área de Trabalho/Future4/Bruno-Bulgaron/semana12/4eddit/src/containers/PostDetailPage/index.js": {"path":"/home/bruno/Área de Trabalho/Future4/Bruno-Bulgaron/semana12/4eddit/src/containers/PostDetailPage/index.js","statementMap":{"0":{"start":{"line":15,"column":8},"end":{"line":15,"column":20}},"1":{"start":{"line":17,"column":8},"end":{"line":19,"column":9}},"2":{"start":{"line":25,"column":54},"end":{"line":25,"column":64}},"3":{"start":{"line":26,"column":18},"end":{"line":26,"column":47}},"4":{"start":{"line":28,"column":5},"end":{"line":28,"column":40}},"5":{"start":{"line":39,"column":15},"end":{"line":65,"column":1}},"6":{"start":{"line":40,"column":26},"end":{"line":40,"column":36}},"7":{"start":{"line":42,"column":4},"end":{"line":64,"column":5}},"8":{"start":{"line":44,"column":36},"end":{"line":46,"column":9}},"9":{"start":{"line":45,"column":12},"end":{"line":45,"column":39}},"10":{"start":{"line":48,"column":8},"end":{"line":63,"column":9}},"11":{"start":{"line":50,"column":16},"end":{"line":61,"column":21}},"12":{"start":{"line":57,"column":45},"end":{"line":57,"column":141}},"13":{"start":{"line":58,"column":47},"end":{"line":58,"column":145}},"14":{"start":{"line":67,"column":21},"end":{"line":71,"column":1}},"15":{"start":{"line":68,"column":4},"end":{"line":70,"column":6}},"16":{"start":{"line":73,"column":15},"end":{"line":85,"column":1}},"17":{"start":{"line":74,"column":43},"end":{"line":74,"column":53}},"18":{"start":{"line":75,"column":29},"end":{"line":75,"column":39}},"19":{"start":{"line":76,"column":18},"end":{"line":76,"column":47}},"20":{"start":{"line":78,"column":4},"end":{"line":78,"column":26}},"21":{"start":{"line":80,"column":4},"end":{"line":80,"column":54}},"22":{"start":{"line":82,"column":4},"end":{"line":84,"column":6}},"23":{"start":{"line":87,"column":20},"end":{"line":114,"column":1}},"24":{"start":{"line":88,"column":62},"end":{"line":88,"column":72}},"25":{"start":{"line":89,"column":18},"end":{"line":89,"column":47}},"26":{"start":{"line":91,"column":4},"end":{"line":113,"column":5}},"27":{"start":{"line":93,"column":38},"end":{"line":99,"column":13}},"28":{"start":{"line":94,"column":16},"end":{"line":98,"column":17}},"29":{"start":{"line":95,"column":20},"end":{"line":95,"column":66}},"30":{"start":{"line":97,"column":20},"end":{"line":97,"column":66}},"31":{"start":{"line":100,"column":12},"end":{"line":100,"column":38}},"32":{"start":{"line":104,"column":38},"end":{"line":110,"column":13}},"33":{"start":{"line":105,"column":16},"end":{"line":109,"column":17}},"34":{"start":{"line":106,"column":20},"end":{"line":106,"column":66}},"35":{"start":{"line":108,"column":20},"end":{"line":108,"column":68}},"36":{"start":{"line":111,"column":12},"end":{"line":111,"column":38}},"37":{"start":{"line":118,"column":42},"end":{"line":118,"column":52}},"38":{"start":{"line":120,"column":4},"end":{"line":168,"column":5}},"39":{"start":{"line":121,"column":8},"end":{"line":126,"column":9}},"40":{"start":{"line":129,"column":8},"end":{"line":167,"column":9}},"41":{"start":{"line":173,"column":24},"end":{"line":177,"column":1}},"42":{"start":{"line":174,"column":4},"end":{"line":176,"column":5}},"43":{"start":{"line":179,"column":27},"end":{"line":188,"column":1}},"44":{"start":{"line":180,"column":4},"end":{"line":187,"column":5}},"45":{"start":{"line":181,"column":27},"end":{"line":181,"column":57}},"46":{"start":{"line":182,"column":26},"end":{"line":182,"column":44}},"47":{"start":{"line":183,"column":55},"end":{"line":183,"column":106}},"48":{"start":{"line":184,"column":53},"end":{"line":184,"column":103}},"49":{"start":{"line":185,"column":55},"end":{"line":185,"column":106}},"50":{"start":{"line":186,"column":53},"end":{"line":186,"column":103}}},"fnMap":{"0":{"name":"(anonymous_0)","decl":{"start":{"line":14,"column":4},"end":{"line":14,"column":5}},"loc":{"start":{"line":14,"column":22},"end":{"line":20,"column":5}},"line":14},"1":{"name":"(anonymous_1)","decl":{"start":{"line":24,"column":0},"end":{"line":24,"column":1}},"loc":{"start":{"line":24,"column":19},"end":{"line":37,"column":1}},"line":24},"2":{"name":"(anonymous_2)","decl":{"start":{"line":39,"column":15},"end":{"line":39,"column":16}},"loc":{"start":{"line":39,"column":19},"end":{"line":65,"column":1}},"line":39},"3":{"name":"(anonymous_3)","decl":{"start":{"line":44,"column":62},"end":{"line":44,"column":63}},"loc":{"start":{"line":45,"column":12},"end":{"line":45,"column":39}},"line":45},"4":{"name":"(anonymous_4)","decl":{"start":{"line":49,"column":36},"end":{"line":49,"column":37}},"loc":{"start":{"line":49,"column":47},"end":{"line":62,"column":17}},"line":49},"5":{"name":"(anonymous_5)","decl":{"start":{"line":57,"column":39},"end":{"line":57,"column":40}},"loc":{"start":{"line":57,"column":45},"end":{"line":57,"column":141}},"line":57},"6":{"name":"(anonymous_6)","decl":{"start":{"line":58,"column":41},"end":{"line":58,"column":42}},"loc":{"start":{"line":58,"column":47},"end":{"line":58,"column":145}},"line":58},"7":{"name":"(anonymous_7)","decl":{"start":{"line":67,"column":21},"end":{"line":67,"column":22}},"loc":{"start":{"line":67,"column":32},"end":{"line":71,"column":1}},"line":67},"8":{"name":"(anonymous_8)","decl":{"start":{"line":73,"column":15},"end":{"line":73,"column":16}},"loc":{"start":{"line":73,"column":26},"end":{"line":85,"column":1}},"line":73},"9":{"name":"(anonymous_9)","decl":{"start":{"line":87,"column":20},"end":{"line":87,"column":21}},"loc":{"start":{"line":87,"column":67},"end":{"line":114,"column":1}},"line":87},"10":{"name":"(anonymous_10)","decl":{"start":{"line":93,"column":38},"end":{"line":93,"column":39}},"loc":{"start":{"line":93,"column":44},"end":{"line":99,"column":13}},"line":93},"11":{"name":"(anonymous_11)","decl":{"start":{"line":104,"column":38},"end":{"line":104,"column":39}},"loc":{"start":{"line":104,"column":44},"end":{"line":110,"column":13}},"line":104},"12":{"name":"(anonymous_12)","decl":{"start":{"line":116,"column":0},"end":{"line":116,"column":1}},"loc":{"start":{"line":116,"column":8},"end":{"line":169,"column":1}},"line":116},"13":{"name":"(anonymous_13)","decl":{"start":{"line":173,"column":24},"end":{"line":173,"column":25}},"loc":{"start":{"line":173,"column":34},"end":{"line":177,"column":1}},"line":173},"14":{"name":"(anonymous_14)","decl":{"start":{"line":179,"column":27},"end":{"line":179,"column":28}},"loc":{"start":{"line":179,"column":38},"end":{"line":188,"column":1}},"line":179},"15":{"name":"(anonymous_15)","decl":{"start":{"line":181,"column":22},"end":{"line":181,"column":23}},"loc":{"start":{"line":181,"column":27},"end":{"line":181,"column":57}},"line":181},"16":{"name":"(anonymous_16)","decl":{"start":{"line":182,"column":21},"end":{"line":182,"column":22}},"loc":{"start":{"line":182,"column":26},"end":{"line":182,"column":44}},"line":182},"17":{"name":"(anonymous_17)","decl":{"start":{"line":183,"column":23},"end":{"line":183,"column":24}},"loc":{"start":{"line":183,"column":55},"end":{"line":183,"column":106}},"line":183},"18":{"name":"(anonymous_18)","decl":{"start":{"line":184,"column":23},"end":{"line":184,"column":24}},"loc":{"start":{"line":184,"column":53},"end":{"line":184,"column":103}},"line":184},"19":{"name":"(anonymous_19)","decl":{"start":{"line":185,"column":25},"end":{"line":185,"column":26}},"loc":{"start":{"line":185,"column":55},"end":{"line":185,"column":106}},"line":185},"20":{"name":"(anonymous_20)","decl":{"start":{"line":186,"column":23},"end":{"line":186,"column":24}},"loc":{"start":{"line":186,"column":53},"end":{"line":186,"column":103}},"line":186}},"branchMap":{"0":{"loc":{"start":{"line":28,"column":5},"end":{"line":28,"column":40}},"type":"binary-expr","locations":[{"start":{"line":28,"column":6},"end":{"line":28,"column":20}},{"start":{"line":28,"column":25},"end":{"line":28,"column":40}}],"line":28},"1":{"loc":{"start":{"line":42,"column":4},"end":{"line":64,"column":5}},"type":"if","locations":[{"start":{"line":42,"column":4},"end":{"line":64,"column":5}},{"start":{"line":42,"column":4},"end":{"line":64,"column":5}}],"line":42},"2":{"loc":{"start":{"line":91,"column":4},"end":{"line":113,"column":5}},"type":"switch","locations":[{"start":{"line":92,"column":8},"end":{"line":101,"column":9}},{"start":{"line":103,"column":8},"end":{"line":112,"column":9}}],"line":91},"3":{"loc":{"start":{"line":94,"column":16},"end":{"line":98,"column":17}},"type":"if","locations":[{"start":{"line":94,"column":16},"end":{"line":98,"column":17}},{"start":{"line":94,"column":16},"end":{"line":98,"column":17}}],"line":94},"4":{"loc":{"start":{"line":105,"column":16},"end":{"line":109,"column":17}},"type":"if","locations":[{"start":{"line":105,"column":16},"end":{"line":109,"column":17}},{"start":{"line":105,"column":16},"end":{"line":109,"column":17}}],"line":105},"5":{"loc":{"start":{"line":120,"column":4},"end":{"line":168,"column":5}},"type":"if","locations":[{"start":{"line":120,"column":4},"end":{"line":168,"column":5}},{"start":{"line":120,"column":4},"end":{"line":168,"column":5}}],"line":120}},"s":{"0":0,"1":0,"2":0,"3":0,"4":0,"5":0,"6":0,"7":0,"8":0,"9":0,"10":0,"11":0,"12":0,"13":0,"14":0,"15":0,"16":0,"17":0,"18":0,"19":0,"20":0,"21":0,"22":0,"23":0,"24":0,"25":0,"26":0,"27":0,"28":0,"29":0,"30":0,"31":0,"32":0,"33":0,"34":0,"35":0,"36":0,"37":0,"38":0,"39":0,"40":0,"41":0,"42":0,"43":0,"44":0,"45":0,"46":0,"47":0,"48":0,"49":0,"50":0},"f":{"0":0,"1":0,"2":0,"3":0,"4":0,"5":0,"6":0,"7":0,"8":0,"9":0,"10":0,"11":0,"12":0,"13":0,"14":0,"15":0,"16":0,"17":0,"18":0,"19":0,"20":0},"b":{"0":[0,0],"1":[0,0],"2":[0,0],"3":[0,0],"4":[0,0],"5":[0,0]},"hash":"91f55bdcf8c9ffa58a88ebb5131069224f1cb4d8"}
,"/home/bruno/Área de Trabalho/Future4/Bruno-Bulgaron/semana12/4eddit/src/containers/PostDetailPage/style.js": {"path":"/home/bruno/Área de Trabalho/Future4/Bruno-Bulgaron/semana12/4eddit/src/containers/PostDetailPage/style.js","statementMap":{"0":{"start":{"line":5,"column":37},"end":{"line":7,"column":1}},"1":{"start":{"line":9,"column":40},"end":{"line":11,"column":1}},"2":{"start":{"line":13,"column":28},"end":{"line":15,"column":1}},"3":{"start":{"line":17,"column":31},"end":{"line":19,"column":1}},"4":{"start":{"line":22,"column":34},"end":{"line":26,"column":1}},"5":{"start":{"line":28,"column":36},"end":{"line":32,"column":1}},"6":{"start":{"line":34,"column":25},"end":{"line":38,"column":1}}},"fnMap":{},"branchMap":{},"s":{"0":0,"1":0,"2":0,"3":0,"4":0,"5":0,"6":0},"f":{},"b":{},"hash":"c60014aecd72508c59ffe4267e28a676272c68cb"}
,"/home/bruno/Área de Trabalho/Future4/Bruno-Bulgaron/semana12/4eddit/src/containers/Router/index.js": {"path":"/home/bruno/Área de Trabalho/Future4/Bruno-Bulgaron/semana12/4eddit/src/containers/Router/index.js","statementMap":{"0":{"start":{"line":11,"column":22},"end":{"line":16,"column":1}},"1":{"start":{"line":19,"column":2},"end":{"line":29,"column":4}}},"fnMap":{"0":{"name":"Router","decl":{"start":{"line":18,"column":16},"end":{"line":18,"column":22}},"loc":{"start":{"line":18,"column":30},"end":{"line":30,"column":1}},"line":18}},"branchMap":{},"s":{"0":0,"1":0},"f":{"0":0},"b":{},"hash":"bd48e80c68ec2cc8a0c63381b9930cc7c43d3e28"}
,"/home/bruno/Área de Trabalho/Future4/Bruno-Bulgaron/semana12/4eddit/src/containers/SignUpPage/index.js": {"path":"/home/bruno/Área de Trabalho/Future4/Bruno-Bulgaron/semana12/4eddit/src/containers/SignUpPage/index.js","statementMap":{"0":{"start":{"line":11,"column":8},"end":{"line":11,"column":20}},"1":{"start":{"line":13,"column":8},"end":{"line":15,"column":9}},"2":{"start":{"line":19,"column":22},"end":{"line":19,"column":51}},"3":{"start":{"line":21,"column":8},"end":{"line":21,"column":56}},"4":{"start":{"line":24,"column":23},"end":{"line":28,"column":5}},"5":{"start":{"line":25,"column":8},"end":{"line":25,"column":30}},"6":{"start":{"line":27,"column":8},"end":{"line":27,"column":49}},"7":{"start":{"line":30,"column":24},"end":{"line":39,"column":5}},"8":{"start":{"line":31,"column":32},"end":{"line":31,"column":44}},"9":{"start":{"line":33,"column":8},"end":{"line":38,"column":10}},"10":{"start":{"line":42,"column":31},"end":{"line":42,"column":41}},"11":{"start":{"line":43,"column":8},"end":{"line":86,"column":9}},"12":{"start":{"line":91,"column":27},"end":{"line":97,"column":1}},"13":{"start":{"line":92,"column":4},"end":{"line":96,"column":5}},"14":{"start":{"line":93,"column":26},"end":{"line":93,"column":48}},"15":{"start":{"line":94,"column":28},"end":{"line":94,"column":55}},"16":{"start":{"line":95,"column":29},"end":{"line":95,"column":47}}},"fnMap":{"0":{"name":"(anonymous_0)","decl":{"start":{"line":10,"column":4},"end":{"line":10,"column":5}},"loc":{"start":{"line":10,"column":22},"end":{"line":16,"column":5}},"line":10},"1":{"name":"(anonymous_1)","decl":{"start":{"line":18,"column":4},"end":{"line":18,"column":5}},"loc":{"start":{"line":18,"column":23},"end":{"line":22,"column":7}},"line":18},"2":{"name":"(anonymous_2)","decl":{"start":{"line":24,"column":23},"end":{"line":24,"column":24}},"loc":{"start":{"line":24,"column":32},"end":{"line":28,"column":5}},"line":24},"3":{"name":"(anonymous_3)","decl":{"start":{"line":30,"column":24},"end":{"line":30,"column":25}},"loc":{"start":{"line":30,"column":33},"end":{"line":39,"column":5}},"line":30},"4":{"name":"(anonymous_4)","decl":{"start":{"line":41,"column":4},"end":{"line":41,"column":5}},"loc":{"start":{"line":41,"column":12},"end":{"line":87,"column":5}},"line":41},"5":{"name":"(anonymous_5)","decl":{"start":{"line":91,"column":27},"end":{"line":91,"column":28}},"loc":{"start":{"line":91,"column":38},"end":{"line":97,"column":1}},"line":91},"6":{"name":"(anonymous_6)","decl":{"start":{"line":93,"column":16},"end":{"line":93,"column":17}},"loc":{"start":{"line":93,"column":26},"end":{"line":93,"column":48}},"line":93},"7":{"name":"(anonymous_7)","decl":{"start":{"line":94,"column":22},"end":{"line":94,"column":23}},"loc":{"start":{"line":94,"column":28},"end":{"line":94,"column":55}},"line":94},"8":{"name":"(anonymous_8)","decl":{"start":{"line":95,"column":23},"end":{"line":95,"column":24}},"loc":{"start":{"line":95,"column":29},"end":{"line":95,"column":47}},"line":95}},"branchMap":{"0":{"loc":{"start":{"line":21,"column":9},"end":{"line":21,"column":54}},"type":"binary-expr","locations":[{"start":{"line":21,"column":10},"end":{"line":21,"column":24}},{"start":{"line":21,"column":29},"end":{"line":21,"column":54}}],"line":21}},"s":{"0":0,"1":0,"2":0,"3":0,"4":0,"5":0,"6":0,"7":0,"8":0,"9":0,"10":0,"11":0,"12":0,"13":0,"14":0,"15":0,"16":0},"f":{"0":0,"1":0,"2":0,"3":0,"4":0,"5":0,"6":0,"7":0,"8":0},"b":{"0":[0,0]},"hash":"0d3c98c3b13c057d5a0f8cb0fcfbf1c85fcfbe88"}
,"/home/bruno/Área de Trabalho/Future4/Bruno-Bulgaron/semana12/4eddit/src/containers/SignUpPage/style.js": {"path":"/home/bruno/Área de Trabalho/Future4/Bruno-Bulgaron/semana12/4eddit/src/containers/SignUpPage/style.js","statementMap":{"0":{"start":{"line":6,"column":33},"end":{"line":13,"column":1}},"1":{"start":{"line":15,"column":27},"end":{"line":22,"column":1}},"2":{"start":{"line":24,"column":26},"end":{"line":29,"column":1}},"3":{"start":{"line":31,"column":32},"end":{"line":34,"column":1}},"4":{"start":{"line":36,"column":28},"end":{"line":39,"column":1}}},"fnMap":{},"branchMap":{},"s":{"0":0,"1":0,"2":0,"3":0,"4":0},"f":{},"b":{},"hash":"8000a4bac3ef1c160bda298cbf9c691658b9d4db"}
,"/home/bruno/Área de Trabalho/Future4/Bruno-Bulgaron/semana12/4eddit/src/reducers/index.js": {"path":"/home/bruno/Área de Trabalho/Future4/Bruno-Bulgaron/semana12/4eddit/src/reducers/index.js","statementMap":{"0":{"start":{"line":5,"column":32},"end":{"line":10,"column":4}},"1":{"start":{"line":6,"column":2},"end":{"line":10,"column":4}}},"fnMap":{"0":{"name":"(anonymous_0)","decl":{"start":{"line":5,"column":32},"end":{"line":5,"column":33}},"loc":{"start":{"line":6,"column":2},"end":{"line":10,"column":4}},"line":6}},"branchMap":{},"s":{"0":0,"1":0},"f":{"0":0},"b":{},"hash":"ce0374462f9db0d9929bb70f69d7b43d922ef031"}
,"/home/bruno/Área de Trabalho/Future4/Bruno-Bulgaron/semana12/4eddit/src/reducers/post.js": {"path":"/home/bruno/Área de Trabalho/Future4/Bruno-Bulgaron/semana12/4eddit/src/reducers/post.js","statementMap":{"0":{"start":{"line":1,"column":19},"end":{"line":4,"column":1}},"1":{"start":{"line":6,"column":13},"end":{"line":17,"column":1}},"2":{"start":{"line":7,"column":4},"end":{"line":16,"column":5}},"3":{"start":{"line":9,"column":12},"end":{"line":9,"column":57}},"4":{"start":{"line":12,"column":12},"end":{"line":12,"column":69}},"5":{"start":{"line":15,"column":12},"end":{"line":15,"column":25}}},"fnMap":{"0":{"name":"(anonymous_0)","decl":{"start":{"line":6,"column":13},"end":{"line":6,"column":14}},"loc":{"start":{"line":6,"column":46},"end":{"line":17,"column":1}},"line":6}},"branchMap":{"0":{"loc":{"start":{"line":6,"column":14},"end":{"line":6,"column":34}},"type":"default-arg","locations":[{"start":{"line":6,"column":22},"end":{"line":6,"column":34}}],"line":6},"1":{"loc":{"start":{"line":7,"column":4},"end":{"line":16,"column":5}},"type":"switch","locations":[{"start":{"line":8,"column":8},"end":{"line":10,"column":9}},{"start":{"line":11,"column":8},"end":{"line":13,"column":9}},{"start":{"line":14,"column":8},"end":{"line":15,"column":25}}],"line":7}},"s":{"0":1,"1":1,"2":2,"3":1,"4":1,"5":0},"f":{"0":2},"b":{"0":[0],"1":[1,1,0]},"_coverageSchema":"43e27e138ebf9cfc5966b082cf9a028302ed4184","hash":"58e1e68110c0449177905b2880db1d4cee2297a1"}
,"/home/bruno/Área de Trabalho/Future4/Bruno-Bulgaron/semana12/4eddit/src/style/theme.js": {"path":"/home/bruno/Área de Trabalho/Future4/Bruno-Bulgaron/semana12/4eddit/src/style/theme.js","statementMap":{},"fnMap":{},"branchMap":{},"s":{},"f":{},"b":{},"hash":"299a1310942db3f85b91a64091d1285a87394d28"}
}
