TN:
SF:/home/bruno/Área de Trabalho/Future4/Bruno-Bulgaron/semana12/4eddit/src/index.js
FNF:0
FNH:0
DA:5,0
DA:6,0
LF:2
LH:0
BRF:0
BRH:0
end_of_record
TN:
SF:/home/bruno/Área de Trabalho/Future4/Bruno-Bulgaron/semana12/4eddit/src/actions/comment.js
FN:4,(anonymous_0)
FN:4,(anonymous_1)
FN:26,(anonymous_2)
FN:26,(anonymous_3)
FNF:4
FNH:0
FNDA:0,(anonymous_0)
FNDA:0,(anonymous_1)
FNDA:0,(anonymous_2)
FNDA:0,(anonymous_3)
DA:4,0
DA:6,0
DA:10,0
DA:11,0
DA:17,0
DA:18,0
DA:21,0
DA:26,0
DA:28,0
DA:32,0
DA:38,0
LF:11
LH:0
BRF:0
BRH:0
end_of_record
TN:
SF:/home/bruno/Área de Trabalho/Future4/Bruno-Bulgaron/semana12/4eddit/src/actions/login.js
FN:6,(anonymous_0)
FN:6,(anonymous_1)
FN:21,(anonymous_2)
FN:21,(anonymous_3)
FNF:4
FNH:0
FNDA:0,(anonymous_0)
FNDA:0,(anonymous_1)
FNDA:0,(anonymous_2)
FNDA:0,(anonymous_3)
DA:6,0
DA:8,0
DA:9,0
DA:13,0
DA:14,0
DA:17,0
DA:21,0
DA:23,0
DA:24,0
DA:29,0
DA:30,0
DA:31,0
DA:34,0
LF:13
LH:0
BRF:0
BRH:0
end_of_record
TN:
SF:/home/bruno/Área de Trabalho/Future4/Bruno-Bulgaron/semana12/4eddit/src/actions/post.js
FN:3,setPosts
FN:12,setPostDetails
FN:22,(anonymous_2)
FN:22,(anonymous_3)
FN:33,(anonymous_4)
FN:33,(anonymous_5)
FN:49,(anonymous_6)
FN:49,(anonymous_7)
FN:63,(anonymous_8)
FN:63,(anonymous_9)
FNF:10
FNH:2
FNDA:2,setPosts
FNDA:2,setPostDetails
FNDA:0,(anonymous_2)
FNDA:0,(anonymous_3)
FNDA:0,(anonymous_4)
FNDA:0,(anonymous_5)
FNDA:0,(anonymous_6)
FNDA:0,(anonymous_7)
FNDA:0,(anonymous_8)
FNDA:0,(anonymous_9)
DA:4,2
DA:13,2
DA:22,2
DA:24,0
DA:30,0
DA:33,2
DA:35,0
DA:36,0
DA:41,0
DA:42,0
DA:45,0
DA:49,2
DA:51,0
DA:52,0
DA:57,0
DA:59,0
DA:63,2
DA:64,0
DA:68,0
LF:19
LH:6
BRF:0
BRH:0
end_of_record
TN:
SF:/home/bruno/Área de Trabalho/Future4/Bruno-Bulgaron/semana12/4eddit/src/components/CommentCard/index.js
FN:6,(anonymous_0)
FNF:1
FNH:0
FNDA:0,(anonymous_0)
DA:7,0
LF:1
LH:0
BRF:0
BRH:0
end_of_record
TN:
SF:/home/bruno/Área de Trabalho/Future4/Bruno-Bulgaron/semana12/4eddit/src/components/CommentCard/style.js
FNF:0
FNH:0
DA:7,0
DA:11,0
DA:17,0
DA:22,0
DA:27,0
DA:30,0
DA:33,0
DA:36,0
DA:39,0
LF:9
LH:0
BRF:0
BRH:0
end_of_record
TN:
SF:/home/bruno/Área de Trabalho/Future4/Bruno-Bulgaron/semana12/4eddit/src/components/PostCard/index.js
FN:7,(anonymous_0)
FNF:1
FNH:0
FNDA:0,(anonymous_0)
DA:8,0
LF:1
LH:0
BRF:0
BRH:0
end_of_record
TN:
SF:/home/bruno/Área de Trabalho/Future4/Bruno-Bulgaron/semana12/4eddit/src/components/PostCard/style.js
FNF:0
FNH:0
DA:8,0
DA:17,0
DA:26,0
DA:31,0
DA:36,0
DA:43,0
DA:48,0
DA:53,0
LF:8
LH:0
BRF:0
BRH:0
end_of_record
TN:
SF:/home/bruno/Área de Trabalho/Future4/Bruno-Bulgaron/semana12/4eddit/src/components/PostDetailCard/index.js
FN:5,PostDetailCard
FNF:1
FNH:0
FNDA:0,PostDetailCard
DA:6,0
LF:1
LH:0
BRF:0
BRH:0
end_of_record
TN:
SF:/home/bruno/Área de Trabalho/Future4/Bruno-Bulgaron/semana12/4eddit/src/components/PostDetailCard/style.js
FNF:0
FNH:0
DA:4,0
DA:8,0
DA:12,0
DA:17,0
LF:4
LH:0
BRF:0
BRH:0
end_of_record
TN:
SF:/home/bruno/Área de Trabalho/Future4/Bruno-Bulgaron/semana12/4eddit/src/containers/App/index.js
FN:20,(anonymous_0)
FN:25,(anonymous_1)
FNF:2
FNH:0
FNDA:0,(anonymous_0)
FNDA:0,(anonymous_1)
DA:14,0
DA:16,0
DA:20,0
DA:23,0
DA:25,0
DA:26,0
LF:6
LH:0
BRDA:18,0,0,0
BRDA:18,0,1,0
BRF:2
BRH:0
end_of_record
TN:
SF:/home/bruno/Área de Trabalho/Future4/Bruno-Bulgaron/semana12/4eddit/src/containers/App/style.js
FNF:0
FNH:0
DA:3,0
DA:11,0
DA:19,0
LF:3
LH:0
BRF:0
BRH:0
end_of_record
TN:
SF:/home/bruno/Área de Trabalho/Future4/Bruno-Bulgaron/semana12/4eddit/src/containers/FeedPage/index.js
FN:12,(anonymous_0)
FN:19,(anonymous_1)
FN:28,(anonymous_2)
FN:34,(anonymous_3)
FN:45,(anonymous_4)
FN:53,(anonymous_5)
FN:58,(anonymous_6)
FN:69,(anonymous_7)
FN:81,(anonymous_8)
FN:85,(anonymous_9)
FN:90,(anonymous_10)
FN:97,(anonymous_11)
FN:98,(anonymous_12)
FN:99,(anonymous_13)
FN:111,(anonymous_14)
FN:161,(anonymous_15)
FN:167,(anonymous_16)
FN:169,(anonymous_17)
FN:170,(anonymous_18)
FN:171,(anonymous_19)
FN:172,(anonymous_20)
FN:173,(anonymous_21)
FN:174,(anonymous_22)
FN:175,(anonymous_23)
FN:176,(anonymous_24)
FNF:25
FNH:0
FNDA:0,(anonymous_0)
FNDA:0,(anonymous_1)
FNDA:0,(anonymous_2)
FNDA:0,(anonymous_3)
FNDA:0,(anonymous_4)
FNDA:0,(anonymous_5)
FNDA:0,(anonymous_6)
FNDA:0,(anonymous_7)
FNDA:0,(anonymous_8)
FNDA:0,(anonymous_9)
FNDA:0,(anonymous_10)
FNDA:0,(anonymous_11)
FNDA:0,(anonymous_12)
FNDA:0,(anonymous_13)
FNDA:0,(anonymous_14)
FNDA:0,(anonymous_15)
FNDA:0,(anonymous_16)
FNDA:0,(anonymous_17)
FNDA:0,(anonymous_18)
FNDA:0,(anonymous_19)
FNDA:0,(anonymous_20)
FNDA:0,(anonymous_21)
FNDA:0,(anonymous_22)
FNDA:0,(anonymous_23)
FNDA:0,(anonymous_24)
DA:13,0
DA:14,0
DA:20,0
DA:21,0
DA:23,0
DA:28,0
DA:29,0
DA:31,0
DA:34,0
DA:35,0
DA:36,0
DA:38,0
DA:40,0
DA:42,0
DA:45,0
DA:46,0
DA:47,0
DA:49,0
DA:50,0
DA:53,0
DA:54,0
DA:56,0
DA:58,0
DA:59,0
DA:60,0
DA:62,0
DA:65,0
DA:69,0
DA:70,0
DA:71,0
DA:73,0
DA:76,0
DA:81,0
DA:82,0
DA:83,0
DA:85,0
DA:86,0
DA:89,0
DA:91,0
DA:97,0
DA:98,0
DA:99,0
DA:112,0
DA:114,0
DA:115,0
DA:122,0
DA:161,0
DA:162,0
DA:167,0
DA:168,0
DA:169,0
DA:170,0
DA:171,0
DA:172,0
DA:173,0
DA:174,0
DA:175,0
DA:176,0
LF:58
LH:0
BRDA:23,0,0,0
BRDA:23,0,1,0
BRDA:56,1,0,0
BRDA:56,1,1,0
BRDA:59,2,0,0
BRDA:59,2,1,0
BRDA:70,3,0,0
BRDA:70,3,1,0
BRDA:114,4,0,0
BRDA:114,4,1,0
BRDA:134,5,0,0
BRDA:134,5,1,0
BRDA:144,6,0,0
BRDA:144,6,1,0
BRF:14
BRH:0
end_of_record
TN:
SF:/home/bruno/Área de Trabalho/Future4/Bruno-Bulgaron/semana12/4eddit/src/containers/FeedPage/style.js
FNF:0
FNH:0
DA:4,0
DA:11,0
DA:18,0
DA:24,0
DA:29,0
LF:5
LH:0
BRF:0
BRH:0
end_of_record
TN:
SF:/home/bruno/Área de Trabalho/Future4/Bruno-Bulgaron/semana12/4eddit/src/containers/Header/index.js
FN:10,(anonymous_0)
FN:16,(anonymous_1)
FN:30,(anonymous_2)
FN:32,(anonymous_3)
FNF:4
FNH:0
FNDA:0,(anonymous_0)
FNDA:0,(anonymous_1)
FNDA:0,(anonymous_2)
FNDA:0,(anonymous_3)
DA:10,0
DA:11,0
DA:12,0
DA:13,0
DA:17,0
DA:30,0
DA:31,0
DA:32,0
LF:8
LH:0
BRDA:21,0,0,0
BRDA:21,0,1,0
BRF:2
BRH:0
end_of_record
TN:
SF:/home/bruno/Área de Trabalho/Future4/Bruno-Bulgaron/semana12/4eddit/src/containers/Header/style.js
FNF:0
FNH:0
DA:4,0
DA:12,0
DA:16,0
LF:3
LH:0
BRF:0
BRH:0
end_of_record
TN:
SF:/home/bruno/Área de Trabalho/Future4/Bruno-Bulgaron/semana12/4eddit/src/containers/LoginPage/index.js
FN:11,(anonymous_0)
FN:18,(anonymous_1)
FN:24,(anonymous_2)
FN:30,(anonymous_3)
FN:35,(anonymous_4)
FN:82,(anonymous_5)
FN:84,(anonymous_6)
FN:85,(anonymous_7)
FN:86,(anonymous_8)
FNF:9
FNH:0
FNDA:0,(anonymous_0)
FNDA:0,(anonymous_1)
FNDA:0,(anonymous_2)
FNDA:0,(anonymous_3)
FNDA:0,(anonymous_4)
FNDA:0,(anonymous_5)
FNDA:0,(anonymous_6)
FNDA:0,(anonymous_7)
FNDA:0,(anonymous_8)
DA:12,0
DA:13,0
DA:19,0
DA:21,0
DA:24,0
DA:25,0
DA:27,0
DA:30,0
DA:31,0
DA:32,0
DA:37,0
DA:82,0
DA:83,0
DA:84,0
DA:85,0
DA:86,0
LF:16
LH:0
BRDA:21,0,0,0
BRDA:21,0,1,0
BRF:2
BRH:0
end_of_record
TN:
SF:/home/bruno/Área de Trabalho/Future4/Bruno-Bulgaron/semana12/4eddit/src/containers/LoginPage/style.js
FNF:0
FNH:0
DA:6,0
DA:15,0
DA:24,0
DA:31,0
DA:36,0
LF:5
LH:0
BRF:0
BRH:0
end_of_record
TN:
SF:/home/bruno/Área de Trabalho/Future4/Bruno-Bulgaron/semana12/4eddit/src/containers/PostDetailPage/index.js
FN:14,(anonymous_0)
FN:24,(anonymous_1)
FN:39,(anonymous_2)
FN:44,(anonymous_3)
FN:49,(anonymous_4)
FN:57,(anonymous_5)
FN:58,(anonymous_6)
FN:67,(anonymous_7)
FN:73,(anonymous_8)
FN:87,(anonymous_9)
FN:93,(anonymous_10)
FN:104,(anonymous_11)
FN:116,(anonymous_12)
FN:173,(anonymous_13)
FN:179,(anonymous_14)
FN:181,(anonymous_15)
FN:182,(anonymous_16)
FN:183,(anonymous_17)
FN:184,(anonymous_18)
FN:185,(anonymous_19)
FN:186,(anonymous_20)
FNF:21
FNH:0
FNDA:0,(anonymous_0)
FNDA:0,(anonymous_1)
FNDA:0,(anonymous_2)
FNDA:0,(anonymous_3)
FNDA:0,(anonymous_4)
FNDA:0,(anonymous_5)
FNDA:0,(anonymous_6)
FNDA:0,(anonymous_7)
FNDA:0,(anonymous_8)
FNDA:0,(anonymous_9)
FNDA:0,(anonymous_10)
FNDA:0,(anonymous_11)
FNDA:0,(anonymous_12)
FNDA:0,(anonymous_13)
FNDA:0,(anonymous_14)
FNDA:0,(anonymous_15)
FNDA:0,(anonymous_16)
FNDA:0,(anonymous_17)
FNDA:0,(anonymous_18)
FNDA:0,(anonymous_19)
FNDA:0,(anonymous_20)
DA:15,0
DA:17,0
DA:25,0
DA:26,0
DA:28,0
DA:39,0
DA:40,0
DA:42,0
DA:44,0
DA:45,0
DA:48,0
DA:50,0
DA:57,0
DA:58,0
DA:67,0
DA:68,0
DA:73,0
DA:74,0
DA:75,0
DA:76,0
DA:78,0
DA:80,0
DA:82,0
DA:87,0
DA:88,0
DA:89,0
DA:91,0
DA:93,0
DA:94,0
DA:95,0
DA:97,0
DA:100,0
DA:104,0
DA:105,0
DA:106,0
DA:108,0
DA:111,0
DA:118,0
DA:120,0
DA:121,0
DA:129,0
DA:173,0
DA:174,0
DA:179,0
DA:180,0
DA:181,0
DA:182,0
DA:183,0
DA:184,0
DA:185,0
DA:186,0
LF:51
LH:0
BRDA:28,0,0,0
BRDA:28,0,1,0
BRDA:42,1,0,0
BRDA:42,1,1,0
BRDA:91,2,0,0
BRDA:91,2,1,0
BRDA:94,3,0,0
BRDA:94,3,1,0
BRDA:105,4,0,0
BRDA:105,4,1,0
BRDA:120,5,0,0
BRDA:120,5,1,0
BRF:12
BRH:0
end_of_record
TN:
SF:/home/bruno/Área de Trabalho/Future4/Bruno-Bulgaron/semana12/4eddit/src/containers/PostDetailPage/style.js
FNF:0
FNH:0
DA:5,0
DA:9,0
DA:13,0
DA:17,0
DA:22,0
DA:28,0
DA:34,0
LF:7
LH:0
BRF:0
BRH:0
end_of_record
TN:
SF:/home/bruno/Área de Trabalho/Future4/Bruno-Bulgaron/semana12/4eddit/src/containers/Router/index.js
FN:18,Router
FNF:1
FNH:0
FNDA:0,Router
DA:11,0
DA:19,0
LF:2
LH:0
BRF:0
BRH:0
end_of_record
TN:
SF:/home/bruno/Área de Trabalho/Future4/Bruno-Bulgaron/semana12/4eddit/src/containers/SignUpPage/index.js
FN:10,(anonymous_0)
FN:18,(anonymous_1)
FN:24,(anonymous_2)
FN:30,(anonymous_3)
FN:41,(anonymous_4)
FN:91,(anonymous_5)
FN:93,(anonymous_6)
FN:94,(anonymous_7)
FN:95,(anonymous_8)
FNF:9
FNH:0
FNDA:0,(anonymous_0)
FNDA:0,(anonymous_1)
FNDA:0,(anonymous_2)
FNDA:0,(anonymous_3)
FNDA:0,(anonymous_4)
FNDA:0,(anonymous_5)
FNDA:0,(anonymous_6)
FNDA:0,(anonymous_7)
FNDA:0,(anonymous_8)
DA:11,0
DA:13,0
DA:19,0
DA:21,0
DA:24,0
DA:25,0
DA:27,0
DA:30,0
DA:31,0
DA:33,0
DA:42,0
DA:43,0
DA:91,0
DA:92,0
DA:93,0
DA:94,0
DA:95,0
LF:17
LH:0
BRDA:21,0,0,0
BRDA:21,0,1,0
BRF:2
BRH:0
end_of_record
TN:
SF:/home/bruno/Área de Trabalho/Future4/Bruno-Bulgaron/semana12/4eddit/src/containers/SignUpPage/style.js
FNF:0
FNH:0
DA:6,0
DA:15,0
DA:24,0
DA:31,0
DA:36,0
LF:5
LH:0
BRF:0
BRH:0
end_of_record
TN:
SF:/home/bruno/Área de Trabalho/Future4/Bruno-Bulgaron/semana12/4eddit/src/reducers/index.js
FN:5,(anonymous_0)
FNF:1
FNH:0
FNDA:0,(anonymous_0)
DA:5,0
DA:6,0
LF:2
LH:0
BRF:0
BRH:0
end_of_record
TN:
SF:/home/bruno/Área de Trabalho/Future4/Bruno-Bulgaron/semana12/4eddit/src/reducers/post.js
FN:6,(anonymous_0)
FNF:1
FNH:1
FNDA:2,(anonymous_0)
DA:1,1
DA:6,1
DA:7,2
DA:9,1
DA:12,1
DA:15,0
LF:6
LH:5
BRDA:6,0,0,0
BRDA:7,1,0,1
BRDA:7,1,1,1
BRDA:7,1,2,0
BRF:4
BRH:2
end_of_record
TN:
SF:/home/bruno/Área de Trabalho/Future4/Bruno-Bulgaron/semana12/4eddit/src/style/theme.js
FNF:0
FNH:0
LF:0
LH:0
BRF:0
BRH:0
end_of_record
