{"/home/bruno/Área de Trabalho/Future4/Bruno-Bulgaron/semana12/planner/src/index.js": {"path":"/home/bruno/Área de Trabalho/Future4/Bruno-Bulgaron/semana12/planner/src/index.js","statementMap":{"0":{"start":{"line":5,"column":20},"end":{"line":5,"column":51}},"1":{"start":{"line":6,"column":0},"end":{"line":6,"column":38}}},"fnMap":{},"branchMap":{},"s":{"0":0,"1":0},"f":{},"b":{},"hash":"452dbbcd942419944d1d73111b263da7b905c6a2"}
,"/home/bruno/Área de Trabalho/Future4/Bruno-Bulgaron/semana12/planner/src/actions/tasks.js": {"path":"/home/bruno/Área de Trabalho/Future4/Bruno-Bulgaron/semana12/planner/src/actions/tasks.js","statementMap":{"0":{"start":{"line":4,"column":4},"end":{"line":9,"column":5}},"1":{"start":{"line":12,"column":24},"end":{"line":21,"column":1}},"2":{"start":{"line":12,"column":30},"end":{"line":21,"column":1}},"3":{"start":{"line":13,"column":4},"end":{"line":20,"column":5}},"4":{"start":{"line":14,"column":25},"end":{"line":14,"column":118}},"5":{"start":{"line":16,"column":8},"end":{"line":16,"column":34}},"6":{"start":{"line":17,"column":8},"end":{"line":17,"column":41}},"7":{"start":{"line":19,"column":8},"end":{"line":19,"column":41}},"8":{"start":{"line":23,"column":26},"end":{"line":33,"column":1}},"9":{"start":{"line":23,"column":36},"end":{"line":33,"column":1}},"10":{"start":{"line":24,"column":4},"end":{"line":32,"column":5}},"11":{"start":{"line":25,"column":8},"end":{"line":25,"column":108}},"12":{"start":{"line":27,"column":8},"end":{"line":27,"column":43}},"13":{"start":{"line":28,"column":8},"end":{"line":28,"column":28}},"14":{"start":{"line":31,"column":8},"end":{"line":31,"column":38}}},"fnMap":{"0":{"name":"setTasks","decl":{"start":{"line":3,"column":16},"end":{"line":3,"column":24}},"loc":{"start":{"line":3,"column":38},"end":{"line":10,"column":1}},"line":3},"1":{"name":"(anonymous_1)","decl":{"start":{"line":12,"column":24},"end":{"line":12,"column":25}},"loc":{"start":{"line":12,"column":30},"end":{"line":21,"column":1}},"line":12},"2":{"name":"(anonymous_2)","decl":{"start":{"line":12,"column":30},"end":{"line":12,"column":31}},"loc":{"start":{"line":12,"column":49},"end":{"line":21,"column":1}},"line":12},"3":{"name":"(anonymous_3)","decl":{"start":{"line":23,"column":26},"end":{"line":23,"column":27}},"loc":{"start":{"line":23,"column":36},"end":{"line":33,"column":1}},"line":23},"4":{"name":"(anonymous_4)","decl":{"start":{"line":23,"column":36},"end":{"line":23,"column":37}},"loc":{"start":{"line":23,"column":55},"end":{"line":33,"column":1}},"line":23}},"branchMap":{},"s":{"0":3,"1":2,"2":2,"3":1,"4":1,"5":1,"6":1,"7":0,"8":2,"9":1,"10":1,"11":1,"12":1,"13":1,"14":0},"f":{"0":3,"1":2,"2":1,"3":1,"4":1},"b":{},"_coverageSchema":"43e27e138ebf9cfc5966b082cf9a028302ed4184","hash":"2879c43d9a11105d811760eb49eb3de5acc84d47"}
,"/home/bruno/Área de Trabalho/Future4/Bruno-Bulgaron/semana12/planner/src/components/Task.js": {"path":"/home/bruno/Área de Trabalho/Future4/Bruno-Bulgaron/semana12/planner/src/components/Task.js","statementMap":{"0":{"start":{"line":5,"column":8},"end":{"line":10,"column":9}}},"fnMap":{"0":{"name":"(anonymous_0)","decl":{"start":{"line":4,"column":4},"end":{"line":4,"column":5}},"loc":{"start":{"line":4,"column":13},"end":{"line":11,"column":5}},"line":4}},"branchMap":{},"s":{"0":0},"f":{"0":0},"b":{},"hash":"d36db7c32566108d6473cd9081346f1bd8a8d567"}
,"/home/bruno/Área de Trabalho/Future4/Bruno-Bulgaron/semana12/planner/src/containers/AllTasks/AllTasks.js": {"path":"/home/bruno/Área de Trabalho/Future4/Bruno-Bulgaron/semana12/planner/src/containers/AllTasks/AllTasks.js","statementMap":{"0":{"start":{"line":6,"column":8},"end":{"line":17,"column":9}}},"fnMap":{"0":{"name":"(anonymous_0)","decl":{"start":{"line":5,"column":4},"end":{"line":5,"column":5}},"loc":{"start":{"line":5,"column":13},"end":{"line":18,"column":5}},"line":5}},"branchMap":{},"s":{"0":0},"f":{"0":0},"b":{},"hash":"f9064558f91d679e6956fbe12fd809952e3cd7f4"}
,"/home/bruno/Área de Trabalho/Future4/Bruno-Bulgaron/semana12/planner/src/containers/AllTasks/style.js": {"path":"/home/bruno/Área de Trabalho/Future4/Bruno-Bulgaron/semana12/planner/src/containers/AllTasks/style.js","statementMap":{"0":{"start":{"line":3,"column":36},"end":{"line":9,"column":1}},"1":{"start":{"line":11,"column":23},"end":{"line":15,"column":1}},"2":{"start":{"line":17,"column":24},"end":{"line":20,"column":1}},"3":{"start":{"line":22,"column":28},"end":{"line":25,"column":1}},"4":{"start":{"line":27,"column":26},"end":{"line":30,"column":1}},"5":{"start":{"line":32,"column":27},"end":{"line":35,"column":1}},"6":{"start":{"line":37,"column":27},"end":{"line":40,"column":1}},"7":{"start":{"line":42,"column":26},"end":{"line":45,"column":1}},"8":{"start":{"line":47,"column":22},"end":{"line":50,"column":1}},"9":{"start":{"line":52,"column":23},"end":{"line":55,"column":1}}},"fnMap":{},"branchMap":{},"s":{"0":0,"1":0,"2":0,"3":0,"4":0,"5":0,"6":0,"7":0,"8":0,"9":0},"f":{},"b":{},"hash":"587d3abbf662d05e37ced452336aa0b5068cef0d"}
,"/home/bruno/Área de Trabalho/Future4/Bruno-Bulgaron/semana12/planner/src/containers/App/index.js": {"path":"/home/bruno/Área de Trabalho/Future4/Bruno-Bulgaron/semana12/planner/src/containers/App/index.js","statementMap":{"0":{"start":{"line":10,"column":20},"end":{"line":15,"column":1}},"1":{"start":{"line":14,"column":11},"end":{"line":14,"column":12}},"2":{"start":{"line":17,"column":14},"end":{"line":17,"column":63}},"3":{"start":{"line":19,"column":19},"end":{"line":26,"column":1}},"4":{"start":{"line":20,"column":2},"end":{"line":25,"column":13}}},"fnMap":{"0":{"name":"(anonymous_0)","decl":{"start":{"line":14,"column":6},"end":{"line":14,"column":7}},"loc":{"start":{"line":14,"column":11},"end":{"line":14,"column":12}},"line":14},"1":{"name":"(anonymous_1)","decl":{"start":{"line":19,"column":19},"end":{"line":19,"column":20}},"loc":{"start":{"line":20,"column":2},"end":{"line":25,"column":13}},"line":20}},"branchMap":{"0":{"loc":{"start":{"line":12,"column":2},"end":{"line":14,"column":12}},"type":"cond-expr","locations":[{"start":{"line":13,"column":6},"end":{"line":13,"column":43}},{"start":{"line":14,"column":6},"end":{"line":14,"column":12}}],"line":12}},"s":{"0":0,"1":0,"2":0,"3":0,"4":0},"f":{"0":0,"1":0},"b":{"0":[0,0]},"hash":"ca7391e89466e720c39e9348ae8ca26b65dc320e"}
,"/home/bruno/Área de Trabalho/Future4/Bruno-Bulgaron/semana12/planner/src/containers/NewTask/NewTask.js": {"path":"/home/bruno/Área de Trabalho/Future4/Bruno-Bulgaron/semana12/planner/src/containers/NewTask/NewTask.js","statementMap":{"0":{"start":{"line":7,"column":8},"end":{"line":7,"column":20}},"1":{"start":{"line":9,"column":8},"end":{"line":14,"column":9}},"2":{"start":{"line":17,"column":24},"end":{"line":24,"column":5}},"3":{"start":{"line":18,"column":32},"end":{"line":18,"column":44}},"4":{"start":{"line":19,"column":8},"end":{"line":23,"column":10}},"5":{"start":{"line":26,"column":23},"end":{"line":39,"column":5}},"6":{"start":{"line":27,"column":8},"end":{"line":27,"column":30}},"7":{"start":{"line":29,"column":31},"end":{"line":29,"column":41}},"8":{"start":{"line":31,"column":8},"end":{"line":31,"column":39}},"9":{"start":{"line":33,"column":8},"end":{"line":38,"column":10}},"10":{"start":{"line":42,"column":8},"end":{"line":71,"column":9}},"11":{"start":{"line":75,"column":27},"end":{"line":77,"column":2}},"12":{"start":{"line":75,"column":42},"end":{"line":77,"column":1}},"13":{"start":{"line":76,"column":26},"end":{"line":76,"column":52}}},"fnMap":{"0":{"name":"(anonymous_0)","decl":{"start":{"line":6,"column":4},"end":{"line":6,"column":5}},"loc":{"start":{"line":6,"column":22},"end":{"line":15,"column":5}},"line":6},"1":{"name":"(anonymous_1)","decl":{"start":{"line":17,"column":24},"end":{"line":17,"column":25}},"loc":{"start":{"line":17,"column":35},"end":{"line":24,"column":5}},"line":17},"2":{"name":"(anonymous_2)","decl":{"start":{"line":26,"column":23},"end":{"line":26,"column":24}},"loc":{"start":{"line":26,"column":34},"end":{"line":39,"column":5}},"line":26},"3":{"name":"(anonymous_3)","decl":{"start":{"line":41,"column":4},"end":{"line":41,"column":5}},"loc":{"start":{"line":41,"column":13},"end":{"line":72,"column":5}},"line":41},"4":{"name":"(anonymous_4)","decl":{"start":{"line":75,"column":27},"end":{"line":75,"column":28}},"loc":{"start":{"line":75,"column":42},"end":{"line":77,"column":1}},"line":75},"5":{"name":"(anonymous_5)","decl":{"start":{"line":76,"column":16},"end":{"line":76,"column":17}},"loc":{"start":{"line":76,"column":26},"end":{"line":76,"column":52}},"line":76}},"branchMap":{},"s":{"0":0,"1":0,"2":0,"3":0,"4":0,"5":0,"6":0,"7":0,"8":0,"9":0,"10":0,"11":0,"12":0,"13":0},"f":{"0":0,"1":0,"2":0,"3":0,"4":0,"5":0},"b":{},"hash":"d7de47240ee6dc873ed3cc91f8ba63bdf24ea1d0"}
,"/home/bruno/Área de Trabalho/Future4/Bruno-Bulgaron/semana12/planner/src/containers/Planner/index.js": {"path":"/home/bruno/Área de Trabalho/Future4/Bruno-Bulgaron/semana12/planner/src/containers/Planner/index.js","statementMap":{"0":{"start":{"line":8,"column":22},"end":{"line":8,"column":122}},"1":{"start":{"line":13,"column":8},"end":{"line":13,"column":29}},"2":{"start":{"line":16,"column":18},"end":{"line":44,"column":5}},"3":{"start":{"line":17,"column":26},"end":{"line":17,"column":36}},"4":{"start":{"line":19,"column":28},"end":{"line":19,"column":30}},"5":{"start":{"line":21,"column":9},"end":{"line":27,"column":10}},"6":{"start":{"line":22,"column":12},"end":{"line":26,"column":13}},"7":{"start":{"line":23,"column":16},"end":{"line":23,"column":48}},"8":{"start":{"line":25,"column":16},"end":{"line":25,"column":46}},"9":{"start":{"line":29,"column":8},"end":{"line":43,"column":9}},"10":{"start":{"line":31,"column":16},"end":{"line":41,"column":17}},"11":{"start":{"line":36,"column":28},"end":{"line":38,"column":29}},"12":{"start":{"line":47,"column":8},"end":{"line":55,"column":10}},"13":{"start":{"line":59,"column":24},"end":{"line":63,"column":1}},"14":{"start":{"line":60,"column":4},"end":{"line":62,"column":5}},"15":{"start":{"line":65,"column":27},"end":{"line":69,"column":1}},"16":{"start":{"line":66,"column":4},"end":{"line":68,"column":5}},"17":{"start":{"line":67,"column":24},"end":{"line":67,"column":44}}},"fnMap":{"0":{"name":"(anonymous_0)","decl":{"start":{"line":12,"column":4},"end":{"line":12,"column":5}},"loc":{"start":{"line":12,"column":24},"end":{"line":14,"column":5}},"line":12},"1":{"name":"(anonymous_1)","decl":{"start":{"line":16,"column":18},"end":{"line":16,"column":19}},"loc":{"start":{"line":16,"column":24},"end":{"line":44,"column":5}},"line":16},"2":{"name":"(anonymous_2)","decl":{"start":{"line":21,"column":35},"end":{"line":21,"column":36}},"loc":{"start":{"line":21,"column":45},"end":{"line":27,"column":9}},"line":21},"3":{"name":"(anonymous_3)","decl":{"start":{"line":30,"column":30},"end":{"line":30,"column":31}},"loc":{"start":{"line":30,"column":39},"end":{"line":42,"column":13}},"line":30},"4":{"name":"(anonymous_4)","decl":{"start":{"line":35,"column":45},"end":{"line":35,"column":46}},"loc":{"start":{"line":35,"column":55},"end":{"line":39,"column":25}},"line":35},"5":{"name":"(anonymous_5)","decl":{"start":{"line":46,"column":4},"end":{"line":46,"column":5}},"loc":{"start":{"line":46,"column":13},"end":{"line":56,"column":5}},"line":46},"6":{"name":"(anonymous_6)","decl":{"start":{"line":59,"column":24},"end":{"line":59,"column":25}},"loc":{"start":{"line":59,"column":35},"end":{"line":63,"column":1}},"line":59},"7":{"name":"(anonymous_7)","decl":{"start":{"line":65,"column":27},"end":{"line":65,"column":28}},"loc":{"start":{"line":65,"column":41},"end":{"line":69,"column":1}},"line":65},"8":{"name":"(anonymous_8)","decl":{"start":{"line":67,"column":18},"end":{"line":67,"column":19}},"loc":{"start":{"line":67,"column":24},"end":{"line":67,"column":44}},"line":67}},"branchMap":{"0":{"loc":{"start":{"line":21,"column":9},"end":{"line":27,"column":10}},"type":"binary-expr","locations":[{"start":{"line":21,"column":9},"end":{"line":21,"column":17}},{"start":{"line":21,"column":21},"end":{"line":27,"column":10}}],"line":21},"1":{"loc":{"start":{"line":22,"column":12},"end":{"line":26,"column":13}},"type":"if","locations":[{"start":{"line":22,"column":12},"end":{"line":26,"column":13}},{"start":{"line":22,"column":12},"end":{"line":26,"column":13}}],"line":22},"2":{"loc":{"start":{"line":34,"column":25},"end":{"line":39,"column":26}},"type":"binary-expr","locations":[{"start":{"line":34,"column":25},"end":{"line":34,"column":41}},{"start":{"line":35,"column":24},"end":{"line":39,"column":26}}],"line":34}},"s":{"0":0,"1":0,"2":0,"3":0,"4":0,"5":0,"6":0,"7":0,"8":0,"9":0,"10":0,"11":0,"12":0,"13":0,"14":0,"15":0,"16":0,"17":0},"f":{"0":0,"1":0,"2":0,"3":0,"4":0,"5":0,"6":0,"7":0,"8":0},"b":{"0":[0,0],"1":[0,0],"2":[0,0]},"hash":"694f63a18c27eb6e392dc3de38759cf9fab1f9df"}
,"/home/bruno/Área de Trabalho/Future4/Bruno-Bulgaron/semana12/planner/src/containers/Planner/style.js": {"path":"/home/bruno/Área de Trabalho/Future4/Bruno-Bulgaron/semana12/planner/src/containers/Planner/style.js","statementMap":{"0":{"start":{"line":3,"column":31},"end":{"line":6,"column":1}},"1":{"start":{"line":8,"column":28},"end":{"line":14,"column":1}}},"fnMap":{},"branchMap":{},"s":{"0":0,"1":0},"f":{},"b":{},"hash":"dc9a647d358beeba4389bc59a93dcd78de50121a"}
,"/home/bruno/Área de Trabalho/Future4/Bruno-Bulgaron/semana12/planner/src/reducers/index.js": {"path":"/home/bruno/Área de Trabalho/Future4/Bruno-Bulgaron/semana12/planner/src/reducers/index.js","statementMap":{"0":{"start":{"line":4,"column":27},"end":{"line":7,"column":2}}},"fnMap":{},"branchMap":{},"s":{"0":0},"f":{},"b":{},"hash":"fdc3acc0da110d990efdf582e8a5f7a7c2da6f1b"}
,"/home/bruno/Área de Trabalho/Future4/Bruno-Bulgaron/semana12/planner/src/reducers/task.js": {"path":"/home/bruno/Área de Trabalho/Future4/Bruno-Bulgaron/semana12/planner/src/reducers/task.js","statementMap":{"0":{"start":{"line":1,"column":21},"end":{"line":3,"column":1}},"1":{"start":{"line":5,"column":13},"end":{"line":17,"column":1}},"2":{"start":{"line":6,"column":4},"end":{"line":16,"column":5}},"3":{"start":{"line":8,"column":12},"end":{"line":11,"column":13}},"4":{"start":{"line":14,"column":12},"end":{"line":14,"column":25}}},"fnMap":{"0":{"name":"(anonymous_0)","decl":{"start":{"line":5,"column":13},"end":{"line":5,"column":14}},"loc":{"start":{"line":5,"column":47},"end":{"line":17,"column":1}},"line":5}},"branchMap":{"0":{"loc":{"start":{"line":5,"column":14},"end":{"line":5,"column":34}},"type":"default-arg","locations":[{"start":{"line":5,"column":22},"end":{"line":5,"column":34}}],"line":5},"1":{"loc":{"start":{"line":6,"column":4},"end":{"line":16,"column":5}},"type":"switch","locations":[{"start":{"line":7,"column":8},"end":{"line":12,"column":9}},{"start":{"line":13,"column":8},"end":{"line":15,"column":9}}],"line":6}},"s":{"0":1,"1":1,"2":2,"3":1,"4":1},"f":{"0":2},"b":{"0":[0],"1":[1,1]},"_coverageSchema":"43e27e138ebf9cfc5966b082cf9a028302ed4184","hash":"147a02349549e412c4ee5c5a24c22c0e31ed9d67"}
,"/home/bruno/Área de Trabalho/Future4/Bruno-Bulgaron/semana12/planner/src/style/theme.js": {"path":"/home/bruno/Área de Trabalho/Future4/Bruno-Bulgaron/semana12/planner/src/style/theme.js","statementMap":{},"fnMap":{},"branchMap":{},"s":{},"f":{},"b":{},"hash":"ab19911755df14a17041b78f6ea17adadd5c4724"}
}
